<?xml version="1.0" encoding="UTF-8"?>
<!-- Generated by org.testng.reporters.JUnitXMLReporter -->
<testsuite ignored="1" hostname="IBM-C0JRR24" failures="2" tests="14" name="activities" time="14.121" errors="0" timestamp="2026-06-08T16:29:44 IST">
  <testcase classname="activities.Activity6" name="verifyPageTitle" time="0.021"/>
  <testcase classname="activities.Activity6" name="validLogin" time="0.521"/>
  <testcase classname="activities.Activity1" name="verifyPageTitle" time="0.094"/>
  <testcase classname="activities.Activity1" name="clickAboutUs" time="0.28">
    <failure type="java.lang.AssertionError" message="expected [About Training Support] but found [Training Support]">
      <![CDATA[java.lang.AssertionError: expected [About Training Support] but found [Training Support]
at activities.Activity1.clickAboutUs(Activity1.java:43)
at java.base/java.util.concurrent.Executors$RunnableAdapter.call(Executors.java:545)
at java.base/java.util.concurrent.FutureTask.run(FutureTask.java:328)
at java.base/java.util.concurrent.ThreadPoolExecutor.runWorker(ThreadPoolExecutor.java:1090)
at java.base/java.util.concurrent.ThreadPoolExecutor$Worker.run(ThreadPoolExecutor.java:614)
at java.base/java.lang.Thread.run(Thread.java:1474)
... Removed 17 stack frames]]>
    </failure>
  </testcase> <!-- clickAboutUs -->
  <testcase classname="activities.Activity5" name="buttonTest1" time="0.067"/>
  <testcase classname="activities.Activity5" name="buttonTest2" time="0.051"/>
  <testcase classname="activities.Activity2" name="verifyPageTitle" time="0.019"/>
  <testcase classname="activities.Activity2" name="findBlack" time="0.039">
    <failure type="org.openqa.selenium.NoSuchElementException" message="Unable to locate element: #black\ button
For documentation on this error, please visit: https://www.selenium.dev/documentation/webdriver/troubleshooting/errors#nosuchelementexception
Build info: version: &amp;apos;4.40.0&amp;apos;, revision: &amp;apos;b3333f1&amp;apos;
System info: os.name: &amp;apos;Windows 11&amp;apos;, os.arch: &amp;apos;amd64&amp;apos;, os.version: &amp;apos;10.0&amp;apos;, java.version: &amp;apos;25.0.3&amp;apos;
Driver info: org.openqa.selenium.firefox.FirefoxDriver
Command: [786a9acb-0314-4c3f-8eb3-73c2e9d7262c, findElement {using=id, value=black button}]
Capabilities {acceptInsecureCerts: true, browserName: firefox, browserVersion: 151.0.3, moz:accessibilityChecks: false, moz:buildID: 20260601110758, moz:geckodriverVersion: 0.37.0, moz:headless: false, moz:platformVersion: 10.0, moz:processID: 5372, moz:profile: C:\Users\MEBINK~1\AppData\L..., moz:shutdownTimeout: 60000, moz:webdriverClick: true, moz:windowless: false, pageLoadStrategy: normal, platformName: windows, proxy: Proxy(), setWindowRect: true, strictFileInteractability: false, timeouts: {implicit: 0, pageLoad: 300000, script: 30000}, unhandledPromptBehavior: dismiss and notify, userAgent: Mozilla/5.0 (Windows NT 10....}
Session ID: 786a9acb-0314-4c3f-8eb3-73c2e9d7262c">
      <![CDATA[org.openqa.selenium.NoSuchElementException: Unable to locate element: #black\ button
For documentation on this error, please visit: https://www.selenium.dev/documentation/webdriver/troubleshooting/errors#nosuchelementexception
Build info: version: '4.40.0', revision: 'b3333f1'
System info: os.name: 'Windows 11', os.arch: 'amd64', os.version: '10.0', java.version: '25.0.3'
Driver info: org.openqa.selenium.firefox.FirefoxDriver
Command: [786a9acb-0314-4c3f-8eb3-73c2e9d7262c, findElement {using=id, value=black button}]
Capabilities {acceptInsecureCerts: true, browserName: firefox, browserVersion: 151.0.3, moz:accessibilityChecks: false, moz:buildID: 20260601110758, moz:geckodriverVersion: 0.37.0, moz:headless: false, moz:platformVersion: 10.0, moz:processID: 5372, moz:profile: C:\Users\MEBINK~1\AppData\L..., moz:shutdownTimeout: 60000, moz:webdriverClick: true, moz:windowless: false, pageLoadStrategy: normal, platformName: windows, proxy: Proxy(), setWindowRect: true, strictFileInteractability: false, timeouts: {implicit: 0, pageLoad: 300000, script: 30000}, unhandledPromptBehavior: dismiss and notify, userAgent: Mozilla/5.0 (Windows NT 10....}
Session ID: 786a9acb-0314-4c3f-8eb3-73c2e9d7262c
at org.openqa.selenium.remote.ErrorCodec.decode(ErrorCodec.java:169)
at org.openqa.selenium.remote.codec.w3c.W3CHttpResponseCodec.decode(W3CHttpResponseCodec.java:142)
at org.openqa.selenium.remote.codec.w3c.W3CHttpResponseCodec.decode(W3CHttpResponseCodec.java:49)
at org.openqa.selenium.remote.HttpCommandExecutor.execute(HttpCommandExecutor.java:223)
at org.openqa.selenium.remote.service.DriverCommandExecutor.invokeExecute(DriverCommandExecutor.java:216)
at org.openqa.selenium.remote.service.DriverCommandExecutor.execute(DriverCommandExecutor.java:174)
at org.openqa.selenium.remote.RemoteWebDriver.execute(RemoteWebDriver.java:601)
at org.openqa.selenium.remote.ElementLocation$ElementFinder$2.findElement(ElementLocation.java:166)
at org.openqa.selenium.remote.ElementLocation.findElement(ElementLocation.java:67)
at org.openqa.selenium.remote.RemoteWebDriver.findElement(RemoteWebDriver.java:424)
at org.openqa.selenium.remote.RemoteWebDriver.findElement(RemoteWebDriver.java:418)
at activities.Activity2.findBlack(Activity2.java:41)
at java.base/java.util.concurrent.Executors$RunnableAdapter.call(Executors.java:545)
at java.base/java.util.concurrent.FutureTask.run(FutureTask.java:328)
at java.base/java.util.concurrent.ThreadPoolExecutor.runWorker(ThreadPoolExecutor.java:1090)
at java.base/java.util.concurrent.ThreadPoolExecutor$Worker.run(ThreadPoolExecutor.java:614)
at java.base/java.lang.Thread.run(Thread.java:1474)
... Removed 11 stack frames]]>
    </failure>
  </testcase> <!-- findBlack -->
  <testcase classname="activities.Activity2" name="verifyPage" time="0.004">
    <skipped/>
  </testcase> <!-- verifyPage -->
  <testcase classname="activities.Activity5" name="headerTest1" time="0.068"/>
  <testcase classname="activities.Activity5" name="headerTest2" time="0.066"/>
  <testcase classname="activities.Activity5" name="verifyPageTitle" time="0.008"/>
  <testcase classname="activities.Activity3" name="verifyPageTitle" time="0.008"/>
  <testcase classname="activities.Activity3" name="verifyWorking" time="0.41"/>
  <testcase classname="activities.Activity2" name="findTeal" time="0.0">
    <ignored/>
  </testcase> <!-- findTeal -->
</testsuite> <!-- activities -->
