<?xml version="1.0" encoding="UTF-8"?>
<!-- Generated by org.testng.reporters.JUnitReportReporter -->
<testsuite hostname="IBM-C0JRR24" failures="0" tests="6" name="activities.Activity7" time="28.955" errors="0" timestamp="2026-06-08T16:54:14 IST" skipped="0">
  <testcase classname="activities.Activity7" name="verifyPageTitle" time="0.496"/>
  <testcase classname="activities.Activity7" name="validLogin" time="5.701"/>
  <testcase classname="activities.Activity7" name="validLogin" time="5.719"/>
  <testcase classname="activities.Activity7" name="validLogin" time="5.681"/>
  <testcase classname="activities.Activity7" name="validLogin" time="5.664"/>
  <testcase classname="activities.Activity7" name="validLogin" time="5.694"/>
</testsuite> <!-- activities.Activity7 -->
