<?xml version="1.0" encoding="UTF-8"?>
<!-- Generated by org.testng.reporters.JUnitReportReporter -->
<testsuite hostname="IBM-C0JRR24" failures="0" tests="5" name="activities.Activity5" time="0.260" errors="0" timestamp="2026-06-08T16:29:44 IST" skipped="0">
  <testcase classname="activities.Activity5" name="headerTest2" time="0.066"/>
  <testcase classname="activities.Activity5" name="buttonTest2" time="0.051"/>
  <testcase classname="activities.Activity5" name="headerTest1" time="0.068"/>
  <testcase classname="activities.Activity5" name="verifyPageTitle" time="0.008"/>
  <testcase classname="activities.Activity5" name="buttonTest1" time="0.067"/>
</testsuite> <!-- activities.Activity5 -->
