<?xml version="1.0" encoding="UTF-8"?>
<!-- Generated by org.testng.reporters.JUnitReportReporter -->
<testsuite hostname="IBM-C0JRR24" failures="0" tests="4" name="activities.Activity10" time="4.570" errors="0" timestamp="2026-06-09T10:19:25 IST" skipped="0">
  <testcase classname="activities.Activity10" name="verifyPageTitle" time="0.123"/>
  <testcase classname="activities.Activity10" name="formTest" time="1.239"/>
  <testcase classname="activities.Activity10" name="formTest" time="1.784"/>
  <testcase classname="activities.Activity10" name="formTest" time="1.424"/>
</testsuite> <!-- activities.Activity10 -->
