<?xml version="1.0" encoding="UTF-8"?>
<!-- Generated by org.testng.reporters.JUnitReportReporter -->
<testsuite hostname="IBM-C0JRR24" failures="0" tests="4" name="activities.HomeworkActivity" time="0.978" errors="0" timestamp="2026-06-08T22:19:07 IST" skipped="0">
  <testcase classname="activities.HomeworkActivity" name="verifyPageTitle" time="0.059"/>
  <testcase classname="activities.HomeworkActivity" name="simpleAlertTestCase" time="0.332"/>
  <testcase classname="activities.HomeworkActivity" name="confirmAlertTestCase" time="0.224"/>
  <testcase classname="activities.HomeworkActivity" name="promptAlertTestCase" time="0.363"/>
</testsuite> <!-- activities.HomeworkActivity -->
