<?xml version="1.0" encoding="UTF-8"?>
<testng-results ignored="0" total="1" passed="1" failed="0" skipped="0">
  <reporter-output>
  </reporter-output>
  <suite started-at="2026-06-11T16:50:48 IST" name="Default suite" finished-at="2026-06-11T16:51:09 IST" duration-ms="20153">
    <groups>
    </groups>
    <test started-at="2026-06-11T16:50:48 IST" name="Default test" finished-at="2026-06-11T16:51:09 IST" duration-ms="20153">
      <class name="project.Activity3">
        <test-method is-config="true" signature="setUp()[pri:0, instance:project.Activity3@14dd9eb7]" started-at="2026-06-11T16:50:49 IST" name="setUp" finished-at="2026-06-11T16:51:07 IST" duration-ms="18611" status="PASS">
          <reporter-output>
          </reporter-output>
        </test-method> <!-- setUp -->
        <test-method signature="copyrightTextCheck()[pri:0, instance:project.Activity3@14dd9eb7]" started-at="2026-06-11T16:51:07 IST" name="copyrightTextCheck" finished-at="2026-06-11T16:51:07 IST" duration-ms="147" status="PASS">
          <reporter-output>
          </reporter-output>
        </test-method> <!-- copyrightTextCheck -->
        <test-method is-config="true" signature="tearDown()[pri:0, instance:project.Activity3@14dd9eb7]" started-at="2026-06-11T16:51:07 IST" name="tearDown" finished-at="2026-06-11T16:51:09 IST" duration-ms="1297" status="PASS">
          <reporter-output>
          </reporter-output>
        </test-method> <!-- tearDown -->
      </class> <!-- project.Activity3 -->
    </test> <!-- Default test -->
  </suite> <!-- Default suite -->
</testng-results>
